e:\allworkspace1\gameenginelightweight\bin-int\debug-windows-x86_64\gameenginelightweight\gameenginelightweight.pch
e:\allworkspace1\gameenginelightweight\bin\debug-windows-x86_64\gameenginelightweight\gameenginelightweight.pdb
e:\allworkspace1\gameenginelightweight\bin\debug-windows-x86_64\gameenginelightweight\gameenginelightweight.idb
e:\allworkspace1\gameenginelightweight\bin-int\debug-windows-x86_64\gameenginelightweight\hzpch.obj
e:\allworkspace1\gameenginelightweight\bin-int\debug-windows-x86_64\gameenginelightweight\vertexarray.obj
e:\allworkspace1\gameenginelightweight\bin-int\debug-windows-x86_64\gameenginelightweight\windowswindow.obj
e:\allworkspace1\gameenginelightweight\bin-int\debug-windows-x86_64\gameenginelightweight\windowsinput.obj
e:\allworkspace1\gameenginelightweight\bin-int\debug-windows-x86_64\gameenginelightweight\log.obj
e:\allworkspace1\gameenginelightweight\bin-int\debug-windows-x86_64\gameenginelightweight\layerstack.obj
e:\allworkspace1\gameenginelightweight\bin-int\debug-windows-x86_64\gameenginelightweight\layer.obj
e:\allworkspace1\gameenginelightweight\bin-int\debug-windows-x86_64\gameenginelightweight\imguilayer.obj
e:\allworkspace1\gameenginelightweight\bin-int\debug-windows-x86_64\gameenginelightweight\imguibuild.obj
e:\allworkspace1\gameenginelightweight\bin-int\debug-windows-x86_64\gameenginelightweight\application.obj
e:\allworkspace1\gameenginelightweight\bin-int\debug-windows-x86_64\gameenginelightweight\openglcontext.obj
e:\allworkspace1\gameenginelightweight\bin-int\debug-windows-x86_64\gameenginelightweight\shader.obj
e:\allworkspace1\gameenginelightweight\bin-int\debug-windows-x86_64\gameenginelightweight\buffer.obj
e:\allworkspace1\gameenginelightweight\bin-int\debug-windows-x86_64\gameenginelightweight\openglbuffer.obj
e:\allworkspace1\gameenginelightweight\bin-int\debug-windows-x86_64\gameenginelightweight\renderer.obj
e:\allworkspace1\gameenginelightweight\bin-int\debug-windows-x86_64\gameenginelightweight\openglvertexarray.obj
e:\allworkspace1\gameenginelightweight\bin-int\debug-windows-x86_64\gameenginelightweight\rendererapi.obj
e:\allworkspace1\gameenginelightweight\bin-int\debug-windows-x86_64\gameenginelightweight\rendercommand.obj
e:\allworkspace1\gameenginelightweight\bin-int\debug-windows-x86_64\gameenginelightweight\openglrendererapi.obj
e:\allworkspace1\gameenginelightweight\bin\debug-windows-x86_64\gameenginelightweight\gameenginelightweight.lib
e:\allworkspace1\gameenginelightweight\bin-int\debug-windows-x86_64\gameenginelightweight\gameengi.3542857a.tlog\cl.command.1.tlog
e:\allworkspace1\gameenginelightweight\bin-int\debug-windows-x86_64\gameenginelightweight\gameengi.3542857a.tlog\cl.read.1.tlog
e:\allworkspace1\gameenginelightweight\bin-int\debug-windows-x86_64\gameenginelightweight\gameengi.3542857a.tlog\cl.write.1.tlog
e:\allworkspace1\gameenginelightweight\bin-int\debug-windows-x86_64\gameenginelightweight\gameengi.3542857a.tlog\lib-link.read.1.tlog
e:\allworkspace1\gameenginelightweight\bin-int\debug-windows-x86_64\gameenginelightweight\gameengi.3542857a.tlog\lib-link.write.1.tlog
e:\allworkspace1\gameenginelightweight\bin-int\debug-windows-x86_64\gameenginelightweight\gameengi.3542857a.tlog\lib.command.1.tlog
