  hzpch.cpp
E:\AllWorkSpace1\GameEngineLightWeight\GameEngineLightWeight\src\Hazel\Log.h(16,42): warning C4251: “Hazel::Log::s_CoreLogger”: class“std::shared_ptr<spdlog::logger>”需要有 dll 接口由 class“Hazel::Log”的客户端使用
E:\AllWorkSpace1\GameEngineLightWeight\GameEngineLightWeight\vendor\spdlog\include\spdlog\details\registry.h(34): message : 参见“std::shared_ptr<spdlog::logger>”的声明
E:\AllWorkSpace1\GameEngineLightWeight\GameEngineLightWeight\src\Hazel\Log.h(17,42): warning C4251: “Hazel::Log::s_ClientLogger”: class“std::shared_ptr<spdlog::logger>”需要有 dll 接口由 class“Hazel::Log”的客户端使用
E:\AllWorkSpace1\GameEngineLightWeight\GameEngineLightWeight\vendor\spdlog\include\spdlog\details\registry.h(34): message : 参见“std::shared_ptr<spdlog::logger>”的声明
  Application.cpp
E:\AllWorkSpace1\GameEngineLightWeight\GameEngineLightWeight\src\Hazel\Layer.h(20,15): warning C4251: “Hazel::Layer::m_DebugName”: class“std::basic_string<char,std::char_traits<char>,std::allocator<char>>”需要有 dll 接口由 class“Hazel::Layer”的客户端使用
D:\1softanddate\MicrosoftVS\2019\Community\VC\Tools\MSVC\14.29.30133\include\xstring(4905): message : 参见“std::basic_string<char,std::char_traits<char>,std::allocator<char>>”的声明
E:\AllWorkSpace1\GameEngineLightWeight\GameEngineLightWeight\src\Hazel\LayerStack.h(21,23): warning C4251: “Hazel::LayerStack::m_Layers”: class“std::vector<Hazel::Layer *,std::allocator<Hazel::Layer *>>”需要有 dll 接口由 class“Hazel::LayerStack”的客户端使用
E:\AllWorkSpace1\GameEngineLightWeight\GameEngineLightWeight\src\Hazel\LayerStack.h(17): message : 参见“std::vector<Hazel::Layer *,std::allocator<Hazel::Layer *>>”的声明
E:\AllWorkSpace1\GameEngineLightWeight\GameEngineLightWeight\src\Hazel\LayerStack.h(22,33): warning C4251: “Hazel::LayerStack::m_LayerInsert”: class“std::_Vector_iterator<std::_Vector_val<std::_Simple_types<_Ty>>>”需要有 dll 接口由 class“Hazel::LayerStack”的客户端使用
          with
          [
              _Ty=Hazel::Layer *
          ]
D:\1softanddate\MicrosoftVS\2019\Community\VC\Tools\MSVC\14.29.30133\include\vector(470): message : 参见“std::_Vector_iterator<std::_Vector_val<std::_Simple_types<_Ty>>>”的声明
          with
          [
              _Ty=Hazel::Layer *
          ]
E:\AllWorkSpace1\GameEngineLightWeight\GameEngineLightWeight\src\Hazel\Application.h(29,27): warning C4251: “Hazel::Application::m_Window”: class“std::unique_ptr<Hazel::Window,std::default_delete<Hazel::Window>>”需要有 dll 接口由 class“Hazel::Application”的客户端使用
E:\AllWorkSpace1\GameEngineLightWeight\GameEngineLightWeight\src\Hazel\Application.h(29): message : 参见“std::unique_ptr<Hazel::Window,std::default_delete<Hazel::Window>>”的声明
  ImGuiLayer.cpp
E:\AllWorkSpace1\GameEngineLightWeight\GameEngineLightWeight\src\Hazel\Layer.h(20,15): warning C4251: “Hazel::Layer::m_DebugName”: class“std::basic_string<char,std::char_traits<char>,std::allocator<char>>”需要有 dll 接口由 class“Hazel::Layer”的客户端使用
D:\1softanddate\MicrosoftVS\2019\Community\VC\Tools\MSVC\14.29.30133\include\xstring(4905): message : 参见“std::basic_string<char,std::char_traits<char>,std::allocator<char>>”的声明
E:\AllWorkSpace1\GameEngineLightWeight\GameEngineLightWeight\src\Hazel\Events\MouseEvent.h(45,46): warning C4244: “return”: 从“const float”转换到“int”，可能丢失数据
E:\AllWorkSpace1\GameEngineLightWeight\GameEngineLightWeight\src\Hazel\Events\MouseEvent.h(49,42): warning C4244: “初始化”: 从“int”转换到“float”，可能丢失数据
E:\AllWorkSpace1\GameEngineLightWeight\GameEngineLightWeight\src\Hazel\LayerStack.h(21,23): warning C4251: “Hazel::LayerStack::m_Layers”: class“std::vector<Hazel::Layer *,std::allocator<Hazel::Layer *>>”需要有 dll 接口由 class“Hazel::LayerStack”的客户端使用
E:\AllWorkSpace1\GameEngineLightWeight\GameEngineLightWeight\src\Hazel\LayerStack.h(17): message : 参见“std::vector<Hazel::Layer *,std::allocator<Hazel::Layer *>>”的声明
E:\AllWorkSpace1\GameEngineLightWeight\GameEngineLightWeight\src\Hazel\LayerStack.h(22,33): warning C4251: “Hazel::LayerStack::m_LayerInsert”: class“std::_Vector_iterator<std::_Vector_val<std::_Simple_types<_Ty>>>”需要有 dll 接口由 class“Hazel::LayerStack”的客户端使用
          with
          [
              _Ty=Hazel::Layer *
          ]
D:\1softanddate\MicrosoftVS\2019\Community\VC\Tools\MSVC\14.29.30133\include\vector(470): message : 参见“std::_Vector_iterator<std::_Vector_val<std::_Simple_types<_Ty>>>”的声明
          with
          [
              _Ty=Hazel::Layer *
          ]
E:\AllWorkSpace1\GameEngineLightWeight\GameEngineLightWeight\src\Hazel\Application.h(29,27): warning C4251: “Hazel::Application::m_Window”: class“std::unique_ptr<Hazel::Window,std::default_delete<Hazel::Window>>”需要有 dll 接口由 class“Hazel::Application”的客户端使用
E:\AllWorkSpace1\GameEngineLightWeight\GameEngineLightWeight\src\Hazel\Application.h(29): message : 参见“std::unique_ptr<Hazel::Window,std::default_delete<Hazel::Window>>”的声明
E:\AllWorkSpace1\GameEngineLightWeight\GameEngineLightWeight\src\Hazel\ImGui\ImGuiLayer.cpp(58,80): warning C4244: “参数”: 从“unsigned int”转换到“float”，可能丢失数据
E:\AllWorkSpace1\GameEngineLightWeight\GameEngineLightWeight\src\Hazel\ImGui\ImGuiLayer.cpp(58,51): warning C4244: “参数”: 从“unsigned int”转换到“float”，可能丢失数据
E:\AllWorkSpace1\GameEngineLightWeight\GameEngineLightWeight\src\Hazel\ImGui\ImGuiLayer.cpp(140,52): warning C4244: “参数”: 从“unsigned int”转换到“float”，可能丢失数据
E:\AllWorkSpace1\GameEngineLightWeight\GameEngineLightWeight\src\Hazel\ImGui\ImGuiLayer.cpp(140,37): warning C4244: “参数”: 从“unsigned int”转换到“float”，可能丢失数据
  Layer.cpp
E:\AllWorkSpace1\GameEngineLightWeight\GameEngineLightWeight\src\Hazel\Layer.h(20,15): warning C4251: “Hazel::Layer::m_DebugName”: class“std::basic_string<char,std::char_traits<char>,std::allocator<char>>”需要有 dll 接口由 class“Hazel::Layer”的客户端使用
D:\1softanddate\MicrosoftVS\2019\Community\VC\Tools\MSVC\14.29.30133\include\xstring(4905): message : 参见“std::basic_string<char,std::char_traits<char>,std::allocator<char>>”的声明
  LayerStack.cpp
E:\AllWorkSpace1\GameEngineLightWeight\GameEngineLightWeight\src\Hazel\Layer.h(20,15): warning C4251: “Hazel::Layer::m_DebugName”: class“std::basic_string<char,std::char_traits<char>,std::allocator<char>>”需要有 dll 接口由 class“Hazel::Layer”的客户端使用
D:\1softanddate\MicrosoftVS\2019\Community\VC\Tools\MSVC\14.29.30133\include\xstring(4905): message : 参见“std::basic_string<char,std::char_traits<char>,std::allocator<char>>”的声明
E:\AllWorkSpace1\GameEngineLightWeight\GameEngineLightWeight\src\Hazel\LayerStack.h(21,23): warning C4251: “Hazel::LayerStack::m_Layers”: class“std::vector<Hazel::Layer *,std::allocator<Hazel::Layer *>>”需要有 dll 接口由 class“Hazel::LayerStack”的客户端使用
E:\AllWorkSpace1\GameEngineLightWeight\GameEngineLightWeight\src\Hazel\LayerStack.h(17): message : 参见“std::vector<Hazel::Layer *,std::allocator<Hazel::Layer *>>”的声明
E:\AllWorkSpace1\GameEngineLightWeight\GameEngineLightWeight\src\Hazel\LayerStack.h(22,33): warning C4251: “Hazel::LayerStack::m_LayerInsert”: class“std::_Vector_iterator<std::_Vector_val<std::_Simple_types<_Ty>>>”需要有 dll 接口由 class“Hazel::LayerStack”的客户端使用
          with
          [
              _Ty=Hazel::Layer *
          ]
D:\1softanddate\MicrosoftVS\2019\Community\VC\Tools\MSVC\14.29.30133\include\vector(470): message : 参见“std::_Vector_iterator<std::_Vector_val<std::_Simple_types<_Ty>>>”的声明
          with
          [
              _Ty=Hazel::Layer *
          ]
  Log.cpp
E:\AllWorkSpace1\GameEngineLightWeight\GameEngineLightWeight\src\Hazel\Layer.h(20,15): warning C4251: “Hazel::Layer::m_DebugName”: class“std::basic_string<char,std::char_traits<char>,std::allocator<char>>”需要有 dll 接口由 class“Hazel::Layer”的客户端使用
D:\1softanddate\MicrosoftVS\2019\Community\VC\Tools\MSVC\14.29.30133\include\xstring(4905): message : 参见“std::basic_string<char,std::char_traits<char>,std::allocator<char>>”的声明
E:\AllWorkSpace1\GameEngineLightWeight\GameEngineLightWeight\src\Hazel\LayerStack.h(21,23): warning C4251: “Hazel::LayerStack::m_Layers”: class“std::vector<Hazel::Layer *,std::allocator<Hazel::Layer *>>”需要有 dll 接口由 class“Hazel::LayerStack”的客户端使用
E:\AllWorkSpace1\GameEngineLightWeight\GameEngineLightWeight\src\Hazel\LayerStack.h(17): message : 参见“std::vector<Hazel::Layer *,std::allocator<Hazel::Layer *>>”的声明
E:\AllWorkSpace1\GameEngineLightWeight\GameEngineLightWeight\src\Hazel\LayerStack.h(22,33): warning C4251: “Hazel::LayerStack::m_LayerInsert”: class“std::_Vector_iterator<std::_Vector_val<std::_Simple_types<_Ty>>>”需要有 dll 接口由 class“Hazel::LayerStack”的客户端使用
          with
          [
              _Ty=Hazel::Layer *
          ]
D:\1softanddate\MicrosoftVS\2019\Community\VC\Tools\MSVC\14.29.30133\include\vector(470): message : 参见“std::_Vector_iterator<std::_Vector_val<std::_Simple_types<_Ty>>>”的声明
          with
          [
              _Ty=Hazel::Layer *
          ]
E:\AllWorkSpace1\GameEngineLightWeight\GameEngineLightWeight\src\Hazel\Application.h(29,27): warning C4251: “Hazel::Application::m_Window”: class“std::unique_ptr<Hazel::Window,std::default_delete<Hazel::Window>>”需要有 dll 接口由 class“Hazel::Application”的客户端使用
E:\AllWorkSpace1\GameEngineLightWeight\GameEngineLightWeight\src\Hazel\Application.h(29): message : 参见“std::unique_ptr<Hazel::Window,std::default_delete<Hazel::Window>>”的声明
  ImGuiOpenGLRenderer.cpp
E:\AllWorkSpace1\GameEngineLightWeight\GameEngineLightWeight\src\Platform\OpenGL\ImGuiOpenGLRenderer.cpp(91): warning C4603: “_CRT_SECURE_NO_WARNINGS”: 未定义宏或在预编译头使用后定义发生改变
E:\AllWorkSpace1\GameEngineLightWeight\GameEngineLightWeight\src\Platform\OpenGL\ImGuiOpenGLRenderer.cpp(91): message : 将宏添加到预编译头中，而不是在此处定义
E:\AllWorkSpace1\GameEngineLightWeight\GameEngineLightWeight\src\Platform\OpenGL\ImGuiOpenGLRenderer.cpp(94): message : 使用预编译头
E:\AllWorkSpace1\GameEngineLightWeight\GameEngineLightWeight\src\Platform\OpenGL\ImGuiOpenGLRenderer.cpp(273,9): warning C4996: 'sscanf': This function or variable may be unsafe. Consider using sscanf_s instead. To disable deprecation, use _CRT_SECURE_NO_WARNINGS. See online help for details.
E:\AllWorkSpace1\GameEngineLightWeight\GameEngineLightWeight\src\Platform\OpenGL\ImGuiOpenGLRenderer.cpp(309,5): warning C4996: 'strcpy': This function or variable may be unsafe. Consider using strcpy_s instead. To disable deprecation, use _CRT_SECURE_NO_WARNINGS. See online help for details.
E:\AllWorkSpace1\GameEngineLightWeight\GameEngineLightWeight\src\Platform\OpenGL\ImGuiOpenGLRenderer.cpp(310,5): warning C4996: 'strcat': This function or variable may be unsafe. Consider using strcat_s instead. To disable deprecation, use _CRT_SECURE_NO_WARNINGS. See online help for details.
E:\AllWorkSpace1\GameEngineLightWeight\GameEngineLightWeight\src\Platform\OpenGL\ImGuiOpenGLRenderer.cpp(702,5): warning C4996: 'sscanf': This function or variable may be unsafe. Consider using sscanf_s instead. To disable deprecation, use _CRT_SECURE_NO_WARNINGS. See online help for details.
  WindowsWindow.cpp
E:\AllWorkSpace1\GameEngineLightWeight\GameEngineLightWeight\src\Hazel\Events\MouseEvent.h(45,46): warning C4244: “return”: 从“const float”转换到“int”，可能丢失数据
E:\AllWorkSpace1\GameEngineLightWeight\GameEngineLightWeight\src\Hazel\Events\MouseEvent.h(49,42): warning C4244: “初始化”: 从“int”转换到“float”，可能丢失数据
  正在生成代码...
    正在创建库 ..\bin\Debug-windows-x86_64\GameEngineLightWeight\GameEngineLightWeight.lib 和对象 ..\bin\Debug-windows-x86_64\GameEngineLightWeight\GameEngineLightWeight.exp
LINK : warning LNK4098: 默认库“LIBCMT”与其他库的使用冲突；请使用 /NODEFAULTLIB:library
  GameEngineLightWeight.vcxproj -> E:\AllWorkSpace1\GameEngineLightWeight\bin\Debug-windows-x86_64\GameEngineLightWeight\GameEngineLightWeight.dll
